<?xml version="1.0" encoding="UTF-8"?>
<testsuite xmlns:xsi="http://www.w3.org/2001/XMLSchema-instance" xsi:noNamespaceSchemaLocation="https://maven.apache.org/surefire/maven-surefire-plugin/xsd/surefire-test-report-3.0.xsd" version="3.0" name="app.blog.BlogApplicationTests" time="2.325" tests="1" errors="0" skipped="0" failures="0">
  <properties>
[...]
</properties>
  <testcase name="contextLoads" classname="app.blog.BlogApplicationTests" time="0.271">
    <system-out><![CDATA[15:09:14.191 [main] INFO org.springframework.test.context.support.AnnotationConfigContextLoaderUtils -- Could not detect default configuration classes for test class [app.blog.BlogApplicationTests]: BlogApplicationTests does not declare any static, non-private, non-final, nested classes annotated with @Configuration.
15:09:14.237 [main] INFO org.springframework.boot.test.context.SpringBootTestContextBootstrapper -- Found @SpringBootConfiguration app.blog.BlogApplication for test class app.blog.BlogApplicationTests

  .   ____          _            __ _ _
 /\\ / ___'_ __ _ _(_)_ __  __ _ \ \ \ \
( ( )\___ | '_ | '_| | '_ \/ _` | \ \ \ \
 \\/  ___)| |_)| | | | | || (_| |  ) ) ) )
  '  |____| .__|_| |_|_| |_\__, | / / / /
 =========|_|==============|___/=/_/_/_/
 :: Spring Boot ::                (v3.1.9)

2024-12-12T15:09:14.439+10:30  INFO 73826 --- [           main] app.blog.BlogApplicationTests            : Starting BlogApplicationTests using Java 17.0.9 with PID 73826 (started by JiahaoLU in /Users/JiahaoLU/Documents/GitHub/blog-server)
2024-12-12T15:09:14.440+10:30  INFO 73826 --- [           main] app.blog.BlogApplicationTests            : The following 1 profile is active: "dev"
2024-12-12T15:09:14.745+10:30  INFO 73826 --- [           main] .s.d.r.c.RepositoryConfigurationDelegate : Bootstrapping Spring Data JPA repositories in DEFAULT mode.
2024-12-12T15:09:14.770+10:30  INFO 73826 --- [           main] .s.d.r.c.RepositoryConfigurationDelegate : Finished Spring Data repository scanning in 21 ms. Found 1 JPA repository interface.
2024-12-12T15:09:14.990+10:30  INFO 73826 --- [           main] o.hibernate.jpa.internal.util.LogHelper  : HHH000204: Processing PersistenceUnitInfo [name: default]
2024-12-12T15:09:15.017+10:30  INFO 73826 --- [           main] org.hibernate.Version                    : HHH000412: Hibernate ORM core version 6.2.22.Final
2024-12-12T15:09:15.019+10:30  INFO 73826 --- [           main] org.hibernate.cfg.Environment            : HHH000406: Using bytecode reflection optimizer
2024-12-12T15:09:15.144+10:30  INFO 73826 --- [           main] o.s.o.j.p.SpringPersistenceUnitInfo      : No LoadTimeWeaver setup: ignoring JPA class transformer
2024-12-12T15:09:15.156+10:30  INFO 73826 --- [           main] com.zaxxer.hikari.HikariDataSource       : HikariPool-1 - Starting...
2024-12-12T15:09:15.250+10:30  INFO 73826 --- [           main] com.zaxxer.hikari.pool.HikariPool        : HikariPool-1 - Added connection org.postgresql.jdbc.PgConnection@1f7e52d1
2024-12-12T15:09:15.250+10:30  INFO 73826 --- [           main] com.zaxxer.hikari.HikariDataSource       : HikariPool-1 - Start completed.
2024-12-12T15:09:15.283+10:30  WARN 73826 --- [           main] org.hibernate.orm.deprecation            : HHH90000025: PostgreSQLDialect does not need to be specified explicitly using 'hibernate.dialect' (remove the property setting and it will be selected by default)
2024-12-12T15:09:15.669+10:30  INFO 73826 --- [           main] o.h.e.t.j.p.i.JtaPlatformInitiator       : HHH000489: No JTA platform available (set 'hibernate.transaction.jta.platform' to enable JTA platform integration)
2024-12-12T15:09:15.705+10:30  INFO 73826 --- [           main] j.LocalContainerEntityManagerFactoryBean : Initialized JPA EntityManagerFactory for persistence unit 'default'
2024-12-12T15:09:15.892+10:30  WARN 73826 --- [           main] JpaBaseConfiguration$JpaWebConfiguration : spring.jpa.open-in-view is enabled by default. Therefore, database queries may be performed during view rendering. Explicitly configure spring.jpa.open-in-view to disable this warning
2024-12-12T15:09:16.025+10:30  INFO 73826 --- [           main] o.s.s.web.DefaultSecurityFilterChain     : Will secure any request with [org.springframework.security.web.session.DisableEncodeUrlFilter@2dfab167, org.springframework.security.web.context.request.async.WebAsyncManagerIntegrationFilter@30eee098, org.springframework.security.web.context.SecurityContextHolderFilter@34cb1310, org.springframework.security.web.header.HeaderWriterFilter@44f338ec, org.springframework.security.web.authentication.logout.LogoutFilter@51a5a8ba, app.blog.config.auth.SecurityFilter@1cb929a9, org.springframework.security.web.savedrequest.RequestCacheAwareFilter@41a3c6f5, org.springframework.security.web.servletapi.SecurityContextHolderAwareRequestFilter@13087c75, org.springframework.security.web.authentication.AnonymousAuthenticationFilter@3123ba75, org.springframework.security.web.session.SessionManagementFilter@22f7bf36, org.springframework.security.web.access.ExceptionTranslationFilter@78e4fa1, org.springframework.security.web.access.intercept.AuthorizationFilter@30a5a58d]
2024-12-12T15:09:16.158+10:30  INFO 73826 --- [           main] app.blog.BlogApplicationTests            : Started BlogApplicationTests in 1.858 seconds (process running for 2.288)
]]></system-out>
  </testcase>
</testsuite>